<?xml version="1.0" encoding="UTF-8"?>
<!-- Generated by org.testng.reporters.JUnitReportReporter -->
<testsuite hostname="192-168-1-105.tpgi.com.au" failures="0" tests="1" name="Ubankproject.Frameworkdesign.Loginpage" time="15.095" errors="0" timestamp="2022-10-04T13:29:31 AEDT" skipped="0">
  <testcase classname="Ubankproject.Frameworkdesign.Loginpage" name="Loginpageebay" time="15.095"/>
  <system-out>
    <![CDATA[ebay application is launched
Sign button is clicked and browser window is closed]]>
  </system-out>
</testsuite> <!-- Ubankproject.Frameworkdesign.Loginpage -->
