<?xml version="1.0" encoding="UTF-8"?>
<!-- Generated by org.testng.reporters.JUnitReportReporter -->
<testsuite hostname="192-168-1-105.tpgi.com.au" failures="0" tests="1" name="Apitesting.PetAPIvalidation" time="3.619" errors="0" timestamp="2022-10-04T08:33:45 AEDT" skipped="0">
  <testcase classname="Apitesting.PetAPIvalidation" name="test2" time="3.619"/>
  <system-out>
    <![CDATA[Response Body is:io.restassured.internal.RestAssuredResponseImpl@40e37b06
Response Code is:200]]>
  </system-out>
</testsuite> <!-- Apitesting.PetAPIvalidation -->
